#
# A fatal error has been detected by the Java Runtime Environment:
#
#  EXCEPTION_ACCESS_VIOLATION (0xc0000005) at pc=0x00000000629f1ec1, pid=5944, tid=7476
#
# JRE version: Java(TM) SE Runtime Environment (7.0_45-b18) (build 1.7.0_45-b18)
# Java VM: Java HotSpot(TM) 64-Bit Server VM (24.45-b08 mixed mode windows-amd64 compressed oops)
# Problematic frame:
# V  [jvm.dll+0xd1ec1]
#
# Failed to write core dump. Minidumps are not enabled by default on client versions of Windows
#
# If you would like to submit a bug report, please visit:
#   http://bugreport.sun.com/bugreport/crash.jsp
#

---------------  T H R E A D  ---------------

Current thread (0x000000000258d000):  GCTaskThread [stack: 0x0000000005e10000,0x0000000005f10000] [id=7476]

siginfo: ExceptionCode=0xc0000005, reading address 0xffffffffffffffff

Registers:
RAX=0x00000000064a0000, RBX=0x0000000000000004, RCX=0x0000000000000000, RDX=0x00000000b4341940
RSP=0x0000000005f0f8a0, RBP=0x00000000b43410f8, RSI=0x0000000008ff6fb0, RDI=0x0000000008ff6fb0
R8 =0x0000000000000000, R9 =0x007fffffffa80000, R10=0x0000000000004d64, R11=0x0000000000000700
R12=0x0000000062ede5a0, R13=0x000000000258c3c0, R14=0x0000000002585490, R15=0x0000000000000000
RIP=0x00000000629f1ec1, EFLAGS=0x0000000000010246

Top of Stack: (sp=0x0000000005f0f8a0)
0x0000000005f0f8a0:   00000000b4313f60 0000000000000061
0x0000000005f0f8b0:   0000000062ede5a0 00000000629f1c66
0x0000000005f0f8c0:   0000000008ff6fb0 00000000629fb38c
0x0000000005f0f8d0:   00000000b4341938 00000000000001c0
0x0000000005f0f8e0:   00000000b43410f8 00000000629f4348
0x0000000005f0f8f0:   0000000000000041 00000000629f9ef1
0x0000000005f0f900:   00000000b4341938 0000000008ff6fb0
0x0000000005f0f910:   000000000258c3c0 0000000008ff6fb0
0x0000000005f0f920:   0000000008ff6fb0 0000000062cb257c
0x0000000005f0f930:   0000000000004d5e 00000000b43410f8
0x0000000005f0f940:   0000000008ff6fb0 0000000008ff6fb0
0x0000000005f0f950:   0000000063069ef8 0000000000000006
0x0000000005f0f960:   0000000062ede5a0 00000000629f1e45
0x0000000005f0f970:   0000000009474fc8 0000000000000000
0x0000000005f0f980:   0000000000000000 000000000258c3c0
0x0000000005f0f990:   00000000025854a0 0000000002585490 

Instructions: (pc=0x00000000629f1ec1)
0x00000000629f1ea1:   ab 1c 68 00 49 c1 e9 03 49 d3 e9 41 0f b6 c1 49
0x00000000629f1eb1:   c1 e9 06 24 3f 44 0f b6 c0 48 8b 05 bf 1c 68 00
0x00000000629f1ec1:   4a 8b 0c c8 4c 0f a3 c1 72 17 48 8b cb e8 2d fd
0x00000000629f1ed1:   ff ff 84 c0 74 0b 48 8b d3 48 8b cf e8 4e ff ff 


Register to memory mapping:

RAX=0x00000000064a0000 is an unknown value
RBX=0x0000000000000004 is an unknown value
RCX=0x0000000000000000 is an unknown value
RDX=0x00000000b4341940 is pointing into object: 0x00000000b43410f8
{constant pool cache} 
 - klass: {other class}
                 -------------
  0  (0x00000000b4341118)  [00|b7|    1]
                 [   0x00000000b4313c20]
                 [   0x0000000000000000]
                 [   0xffffffff80000001]
                 -------------
  1  (0x00000000b4341138)  [00|b8|    2]
                 [   0x00000000b3b3a488]
                 [   0x0000000000000000]
                 [   0x0000000070400000]
                 -------------
  2  (0x00000000b4341158)  [b5|b4|    3]
                 [   0x00000000c1b0ec20]
                 [   0x000000000000001c]
                 [   0x0000000074400003]
                 -------------
  3  (0x00000000b4341178)  [b5|b4|    4]
                 [   0x00000000c1b0ec20]
                 [   0x0000000000000014]
                 [   0x0000000034000001]
                 -------------
  4  (0x00000000b4341198)  [00|00|    6]
                 [   0x0000000000000000]
                 [   0x0000000000000000]
                 [   0x0000000000000000]
                 -------------
  5  (0x00000000b43411b8)  [b6|00|    8]
                 [   0x0000000000000000]
                 [   0x00000000b0006f80]
                 [   0x0000000000500002]
                 -------------
  6  (0x00000000b43411d8)  [00|00|   11]
                 [   0x0000000000000000]
                 [   0x0000000000000000]
                 [   0x0000000000000000]
                 -------------
  7  (0x00000000b43411f8)  [00|00|   13]
                 [   0x0000000000000000]
                 [   0x0000000000000000]
                 [   0x0000000000000000]
                 -------------
  8  (0x00000000b4341218)  [00|00|   14]
                 [   0x0000000000000000]
                 [   0x0000000000000000]
                 [   0x0000000000000000]
                 -------------
  9  (0x00000000b4341238)  [b6|00|   16]
                 [   0x0000000000000000]
                 [   0x0000000000000015]
                 [   0x0000000070000001]
                 -------------
 10  (0x00000000b4341258)  [00|b9|   17]
                 [   0x00000000b00b8968]
                 [   0x0000000000000012]
                 [   0x0000000070000001]
                 -------------
 11  (0x00000000b4341278)  [00|b9|   18]
                 [   0x00000000b010bc48]
                 [   0x0000000000000001]
                 [   0x0000000000000001]
                 -------------
 12  (0x00000000b4341298)  [00|b9|   19]
                 [   0x00000000b010bc48]
                 [   0x0000000000000002]
                 [   0x0000000070000001]
                 -------------
 13  (0x00000000b43412b8)  [00|00|   20]
                 [   0x0000000000000000]
                 [   0x0000000000000000]
                 [   0x0000000000000000]
                 -------------
 14  (0x00000000b43412d8)  [00|00|   21]
                 [   0x0000000000000000]
                 [   0x0000000000000000]
                 [   0x0000000000000000]
                 -------------
 15  (0x00000000b43412f8)  [00|00|   23]
                 [   0x0000000000000000]
                 [   0x0000000000000000]
                 [   0x0000000000000000]
                 -------------
 16  (0x00000000b4341318)  [b6|00|   25]
                 [   0x0000000000000000]
                 [   0x00000000b0007940]
                 [   0x0000000000500002]
                 -------------
 17  (0x00000000b4341338)  [b6|00|   27]
                 [   0x0000000000000000]
                 [   0x0000000000000015]
                 [   0x0000000000000001]
                 -------------
 18  (0x00000000b4341358)  [b6|00|   28]
                 [   0x0000000000000000]
                 [   0x000000000000000f]
                 [   0x0000000000000001]
                 -------------
 19  (0x00000000b4341378)  [00|b9|   29]
                 [   0x00000000b00b8968]
                 [   0x0000000000000004]
                 [   0x0000000070000002]
                 -------------
 20  (0x00000000b4341398)  [b6|00|   30]
                 [   0x0000000000000000]
                 [   0x0000000000000005]
                 [   0x0000000070000001]
                 -------------
 21  (0x00000000b43413b8)  [b6|00|   31]
                 [   0x0000000000000000]
                 [   0x000000000000002b]
                 [   0x0000000070000001]
                 -------------
 22  (0x00000000b43413d8)  [00|b7|   32]
                 [   0x00000000b43362f0]
                 [   0x0000000000000000]
                 [   0x0000000070000003]
                 -------------
 23  (0x00000000b43413f8)  [00|b4|   33]
                 [   0x00000000c1b9b830]
                 [   0x000000000000000c]
                 [   0x0000000074400006]
                 -------------
 24  (0x00000000b4341418)  [b6|00|   34]
                 [   0x0000000000000000]
                 [   0x0000000000000018]
                 [   0x0000000070000001]
                 -------------
 25  (0x00000000b4341438)  [b6|00|   35]
                 [   0x0000000000000000]
                 [   0x0000000000000012]
                 [   0x0000000070000001]
                 -------------
 26  (0x00000000b4341458)  [00|b9|   37]
                 [   0x00000000b0daea70]
                 [   0x0000000000000009]
                 [   0x0000000070000003]
                 -------------
 27  (0x00000000b4341478)  [00|b9|   39]
                 [   0x00000000b0daea70]
                 [   0x0000000000000003]
                 [   0x0000000070000002]
                 -------------
 28  (0x00000000b4341498)  [00|b9|   40]
                 [   0x00000000b0dabc10]
                 [   0x0000000000000002]
                 [   0xffffffff80000002]
                 -------------
 29  (0x00000000b43414b8)  [00|b9|   41]
                 [   0x00000000b0da9690]
                 [   0x0000000000000002]
                 [   0x0000000070000001]
                 -------------
 30  (0x00000000b43414d8)  [00|b9|   42]
                 [   0x00000000b0dacd08]
                 [   0x0000000000000006]
                 [   0x0000000070000002]
                 -------------
 31  (0x00000000b43414f8)  [00|b8|   43]
                 [   0x00000000b3cfb7c0]
                 [   0x0000000000000000]
                 [   0x0000000070400000]
                 -------------
 32  (0x00000000b4341518)  [b6|00|   44]
                 [   0x0000000000000000]
                 [   0x0000000000000019]
                 [   0x0000000070000001]
                 -------------
 33  (0x00000000b4341538)  [00|b9|   45]
                 [   0x00000000b0da9690]
                 [   0x000000000000000b]
                 [   0x0000000070000001]
                 -------------
 34  (0x00000000b4341558)  [00|b9|   46]
                 [   0x00000000b0da70b8]
                 [   0x0000000000000000]
                 [   0x0000000030000001]
                 -------------
 35  (0x00000000b4341578)  [00|b9|   47]
                 [   0x00000000b0da70b8]
                 [   0x0000000000000001]
                 [   0x0000000070000002]
                 -------------
 36  (0x00000000b4341598)  [00|b9|   48]
                 [   0x00000000b0da9690]
                 [   0x0000000000000010]
                 [   0x0000000020000001]
                 -------------
 37  (0x00000000b43415b8)  [00|b9|   50]
                 [   0x00000000b0da9690]
                 [   0x000000000000000d]
                 [   0x0000000070000001]
                 -------------
 38  (0x00000000b43415d8)  [00|b9|   51]
                 [   0x00000000b0dacd08]
                 [   0x0000000000000003]
                 [   0x0000000070000003]
                 -------------
 39  (0x00000000b43415f8)  [00|b9|   53]
                 [   0x00000000b0da9690]
                 [   0x0000000000000011]
                 [   0x0000000070000001]
                 -------------
 40  (0x00000000b4341618)  [00|b9|   54]
                 [   0x00000000b00faa58]
                 [   0x0000000000000005]
                 [   0x0000000000000002]
                 -------------
 41  (0x00000000b4341638)  [00|b9|   55]
                 [   0x00000000b00faa58]
                 [   0x0000000000000000]
                 [   0x0000000000000002]
                 -------------
 42  (0x00000000b4341658)  [00|b8|   56]
                 [   0x00000000b4320450]
                 [   0x0000000000000000]
                 [   0x0000000070000002]
                 -------------
 43  (0x00000000b4341678)  [00|b9|   57]
                 [   0x00000000b0da9690]
                 [   0x0000000000000007]
                 [   0x0000000070000002]
                 -------------
 44  (0x00000000b4341698)  [b6|00|   59]
                 [   0x0000000000000000]
                 [   0x000000000000001a]
                 [   0x0000000070000001]
                 -------------
 45  (0x00000000b43416b8)  [00|b7|   60]
                 [   0x00000000b433dad0]
                 [   0x0000000000000000]
                 [   0xffffffff80000005]
                 -------------
 46  (0x00000000b43416d8)  [00|00|   61]
                 [   0x0000000000000000]
                 [   0x0000000000000000]
                 [   0x0000000000000000]
                 -------------
 47  (0x00000000b43416f8)  [00|00|   62]
                 [   0x0000000000000000]
                 [   0x0000000000000000]
                 [   0x0000000000000000]
                 -------------
 48  (0x00000000b4341718)  [b6|00|   63]
                 [   0x0000000000000000]
                 [   0x000000000000000e]
                 [   0x0000000070000001]
                 -------------
 49  (0x00000000b4341738)  [00|b7|   64]
                 [   0x00000000b4336a28]
                 [   0x0000000000000000]
                 [   0xffffffff80000003]
                 -------------
 50  (0x00000000b4341758)  [00|b9|   65]
                 [   0x00000000b407c0e0]
                 [   0x0000000000000003]
                 [   0xffffffff80000002]
                 -------------
 51  (0x00000000b4341778)  [00|00|   66]
                 [   0x0000000000000000]
                 [   0x0000000000000000]
                 [   0x0000000000000000]
                 -------------
 52  (0x00000000b4341798)  [00|00|   68]
                 [   0x0000000000000000]
                 [   0x0000000000000000]
                 [   0x0000000000000000]
                 -------------
 53  (0x00000000b43417b8)  [00|00|   69]
                 [   0x0000000000000000]
                 [   0x0000000000000000]
                 [   0x0000000000000000]
                 -------------
 54  (0x00000000b43417d8)  [00|b9|   70]
                 [   0x00000000b003eb50]
                 [   0x0000000000000001]
                 [   0x0000000070000002]
                 -------------
 55  (0x00000000b43417f8)  [00|00|   75]
                 [   0x0000000000000000]
                 [   0x0000000000000000]
                 [   0x0000000000000000]
                 -------------
 56  (0x00000000b4341818)  [00|00|   76]
                 [   0x0000000000000000]
                 [   0x0000000000000000]
                 [   0x0000000000000000]
                 -------------
 57  (0x00000000b4341838)  [00|00|   77]
                 [   0x0000000000000000]
                 [   0x0000000000000000]
                 [   0x0000000000000000]
                 -------------
 58  (0x00000000b4341858)  [b6|00|   78]
                 [   0x0000000000000000]
                 [   0x000000000000000a]
                 [   0x0000000070000001]
                 -------------
 59  (0x00000000b4341878)  [00|b9|   79]
                 [   0x00000000b0daea70]
                 [   0x0000000000000008]
                 [   0x0000000070000002]
                 -------------
 60  (0x00000000b4341898)  [00|b9|   80]
                 [   0x00000000b003eb50]
                 [   0x000000000000000b]
                 [   0x0000000070000001]
                 -------------
 61  (0x00000000b43418b8)  [00|b9|   81]
                 [   0x00000000b00faa58]
                 [   0x000000000000000b]
                 [   0x0000000070000001]
                 -------------
 62  (0x00000000b43418d8)  [00|b8|   83]
                 [   0x00000000b43205e0]
                 [   0x0000000000000000]
                 [   0xffffffff80000005]
                 -------------
 63  (0x00000000b43418f8)  [00|b9|   84]
                 [   0x00000000b003eb50]
                 [   0x0000000000000004]
                 [   0x0000000070000001]
                 -------------
 64  (0x00000000b4341918)  [00|b9|   85]
                 [   0x00000000b00b7380]
                 [   0x000000000000000b]
                 [   0x0000000070000001]
                 -------------
 65  (0x00000000b4341938)  [b6|00|   86]
                 [   0x0000000000000004]
                 [   0x0000000000000010]
                 [   0x0000000070000002]
                 -------------
 66  (0x00000000b4341958)  [00|b9|   87]
                 [   0x00000000b003eb50]
                 [   0x0000000000000002]
                 [   0x0000000070000003]
                 -------------
 67  (0x00000000b4341978)  [00|00|   88]
                 [   0x0000000000000000]
                 [   0x0000000000000000]
                 [   0x0000000000000000]
                 -------------
 68  (0x00000000b4341998)  [00|00|   89]
                 [   0x0000000000000000]
                 [   0x0000000000000000]
                 [   0x0000000000000000]
                 -------------
 69  (0x00000000b43419b8)  [00|b7|   90]
                 [   0x00000000b4313f60]
                 [   0x0000000000000000]
                 [   0xffffffff80000002]
                 -------------
 70  (0x00000000b43419d8)  [00|b7|   91]
                 [   0x00000000b4337348]
                 [   0x0000000000000000]
                 [   0xffffffff80000001]
                 -------------
 71  (0x00000000b43419f8)  [00|b7|   92]
                 [   0x00000000b43149d0]
                 [   0x0000000000000000]
                 [   0xffffffff80000003]
                 -------------
 72  (0x00000000b4341a18)  [b5|b4|   93]
                 [   0x00000000c1b0ec20]
                 [   0x0000000000000018]
                 [   0x0000000074000002]
                 -------------
 73  (0x00000000b4341a38)  [00|b7|   94]
                 [   0x00000000b4337268]
                 [   0x0000000000000000]
                 [   0xffffffff80000001]
                 -------------
 74  (0x00000000b4341a58)  [b6|00|   95]
                 [   0x0000000000000000]
                 [   0x0000000000000006]
                 [   0x0000000070000001]
                 -------------
 75  (0x00000000b4341a78)  [00|b8|   96]
                 [   0x00000000b42c83d8]
                 [   0x0000000000000000]
                 [   0x0000000070000000]
                 -------------
 76  (0x00000000b4341a98)  [b6|00|   97]
                 [   0x0000000000000000]
                 [   0x0000000000000017]
                 [   0x0000000070000001]
                 -------------
 77  (0x00000000b4341ab8)  [00|b9|   98]
                 [   0x00000000b3be0c00]
                 [   0x0000000000000005]
                 [   0x0000000070000001]
                 -------------
 78  (0x00000000b4341ad8)  [b6|00|   99]
                 [   0x0000000000000000]
                 [   0x000000000000002c]
                 [   0x0000000070000001]
                 -------------
 79  (0x00000000b4341af8)  [00|b2|  100]
                 [   0x00000000c1b0ee38]
                 [   0x0000000000000070]
                 [   0x0000000074400000]
                 -------------
 80  (0x00000000b4341b18)  [b6|00|  101]
                 [   0x0000000000000000]
                 [   0x000000000000001d]
                 [   0x0000000070000001]
                 -------------
 81  (0x00000000b4341b38)  [b6|00|  102]
                 [   0x0000000000000000]
                 [   0x00000000b435d1e8]
                 [   0x0000000070500001]
                 -------------
 82  (0x00000000b4341b58)  [b6|00|  103]
                 [   0x0000000000000000]
                 [   0x00000000b4340378]
                 [   0x0000000000500001]
                 -------------
 83  (0x00000000b4341b78)  [b6|00|  104]
                 [   0x0000000000000000]
                 [   0x00000000b433fff0]
                 [   0x0000000030500001]
                 -------------
 84  (0x00000000b4341b98)  [00|b8|  105]
                 [   0x00000000b4359e50]
                 [   0x0000000000000000]
                 [   0x0000000070400001]
                 -------------
 85  (0x00000000b4341bb8)  [b6|00|  106]
                 [   0x0000000000000000]
                 [   0x00000000b435ab20]
                 [   0xffffffff80500002]
                 -------------
 86  (0x00000000b4341bd8)  [00|b7|  108]
                 [   0x00000000b0082718]
                 [   0x0000000000000000]
                 [   0xffffffff80400001]
                 -------------
 87  (0x00000000b4341bf8)  [b6|00|  109]
                 [   0x0000000000000000]
                 [   0x00000000b43466b8]
                 [   0x0000000070500001]
                 -------------
 88  (0x00000000b4341c18)  [b6|00|  110]
                 [   0x0000000000000000]
                 [   0x00000000b0082b48]
                 [   0x0000000070500002]
                 -------------
 89  (0x00000000b4341c38)  [b6|00|  112]
                 [   0x0000000000000000]
                 [   0x00000000b00847c0]
                 [   0x0000000070500001]
                 -------------
 90  (0x00000000b4341c58)  [00|b9|  113]
                 [   0x00000000b42b8d50]
                 [   0x0000000000000001]
                 [   0x0000000070000003]
                 -------------
 91  (0x00000000b4341c78)  [00|b8|  115]
                 [   0x00000000b009cb70]
                 [   0x0000000000000000]
                 [   0x0000000070400001]
                 -------------
 92  (0x00000000b4341c98)  [00|b8|  116]
                 [   0x00000000b43c20a8]
                 [   0x0000000000000000]
                 [   0x0000000070000002]
                 -------------
 93  (0x00000000b4341cb8)  [00|b9|  117]
                 [   0x00000000b42b8d50]
                 [   0x0000000000000002]
                 [   0x0000000070000004]
                 -------------
 94  (0x00000000b4341cd8)  [b6|00|  118]
                 [   0x0000000000000000]
                 [   0x0000000000000005]
                 [   0x0000000070000001]
                 -------------
 95  (0x00000000b4341cf8)  [b6|00|  120]
                 [   0x0000000000000000]
                 [   0x00000000b009cf98]
                 [   0x0000000030500001]
                 -------------
 96  (0x00000000b4341d18)  [b6|00|  121]
                 [   0x0000000000000000]
                 [   0x0000000000000006]
                 [   0x0000000070000001]
                 -------------
 97  (0x00000000b4341d38)  [00|b9|  122]
                 [   0x00000000b00faa58]
                 [   0x0000000000000001]
                 [   0x0000000000000002]
                 -------------
 98  (0x00000000b4341d58)  [b6|00|  123]
                 [   0x0000000000000000]
                 [   0x000000000000001f]
                 [   0x0000000000000002]
                 -------------
 99  (0x00000000b4341d78)  [00|00|  124]
                 [   0x0000000000000000]
                 [   0x0000000000000000]
                 [   0x0000000000000000]
                 -------------
100  (0x00000000b4341d98)  [00|00|  125]
                 [   0x0000000000000000]
                 [   0x0000000000000000]
                 [   0x0000000000000000]
                 -------------
101  (0x00000000b4341db8)  [00|00|  126]
                 [   0x0000000000000000]
                 [   0x0000000000000000]
                 [   0x0000000000000000]
                 -------------
102  (0x00000000b4341dd8)  [00|00|  127]
                 [   0x0000000000000000]
                 [   0x0000000000000000]
                 [   0x0000000000000000]
                 -------------
103  (0x00000000b4341df8)  [00|00|  128]
                 [   0x0000000000000000]
                 [   0x0000000000000000]
                 [   0x0000000000000000]
                 -------------
104  (0x00000000b4341e18)  [00|00|  129]
                 [   0x0000000000000000]
                 [   0x0000000000000000]
                 [   0x0000000000000000]
                 -------------
105  (0x00000000b4341e38)  [00|b7|  130]
                 [   0x00000000b4314cf0]
                 [   0x0000000000000000]
                 [   0xffffffff80000003]
                 -------------
106  (0x00000000b4341e58)  [00|00|  131]
                 [   0x0000000000000000]
                 [   0x0000000000000000]
                 [   0x0000000000000000]
                 -------------
107  (0x00000000b4341e78)  [00|00|  132]
                 [   0x0000000000000000]
                 [   0x0000000000000000]
                 [   0x0000000000000000]
                 -------------
108  (0x00000000b4341e98)  [00|b7|  133]
                 [   0x00000000b4314038]
                 [   0x0000000000000000]
                 [   0x0000000070000001]
                 -------------
109  (0x00000000b4341eb8)  [00|00|  134]
                 [   0x0000000000000000]
                 [   0x0000000000000000]
                 [   0x0000000000000000]
                 -------------
110  (0x00000000b4341ed8)  [00|00|  135]
                 [   0x0000000000000000]
                 [   0x0000000000000000]
                 [   0x0000000000000000]
                 -------------
RSP=0x0000000005f0f8a0 is an unknown value
RBP=0x00000000b43410f8 is an oop
{constant pool cache} 
 - klass: {other class}
                 -------------
  0  (0x00000000b4341118)  [00|b7|    1]
                 [   0x00000000b4313c20]
                 [   0x0000000000000000]
                 [   0xffffffff80000001]
                 -------------
  1  (0x00000000b4341138)  [00|b8|    2]
                 [   0x00000000b3b3a488]
                 [   0x0000000000000000]
                 [   0x0000000070400000]
                 -------------
  2  (0x00000000b4341158)  [b5|b4|    3]
                 [   0x00000000c1b0ec20]
                 [   0x000000000000001c]
                 [   0x0000000074400003]
                 -------------
  3  (0x00000000b4341178)  [b5|b4|    4]
                 [   0x00000000c1b0ec20]
                 [   0x0000000000000014]
                 [   0x0000000034000001]
                 -------------
  4  (0x00000000b4341198)  [00|00|    6]
                 [   0x0000000000000000]
                 [   0x0000000000000000]
                 [   0x0000000000000000]
                 -------------
  5  (0x00000000b43411b8)  [b6|00|    8]
                 [   0x0000000000000000]
                 [   0x00000000b0006f80]
                 [   0x0000000000500002]
                 -------------
  6  (0x00000000b43411d8)  [00|00|   11]
                 [   0x0000000000000000]
                 [   0x0000000000000000]
                 [   0x0000000000000000]
                 -------------
  7  (0x00000000b43411f8)  [00|00|   13]
                 [   0x0000000000000000]
                 [   0x0000000000000000]
                 [   0x0000000000000000]
                 -------------
  8  (0x00000000b4341218)  [00|00|   14]
                 [   0x0000000000000000]
                 [   0x0000000000000000]
                 [   0x0000000000000000]
                 -------------
  9  (0x00000000b4341238)  [b6|00|   16]
                 [   0x0000000000000000]
                 [   0x0000000000000015]
                 [   0x0000000070000001]
                 -------------
 10  (0x00000000b4341258)  [00|b9|   17]
                 [   0x00000000b00b8968]
                 [   0x0000000000000012]
                 [   0x0000000070000001]
                 -------------
 11  (0x00000000b4341278)  [00|b9|   18]
                 [   0x00000000b010bc48]
                 [   0x0000000000000001]
                 [   0x0000000000000001]
                 -------------
 12  (0x00000000b4341298)  [00|b9|   19]
                 [   0x00000000b010bc48]
                 [   0x0000000000000002]
                 [   0x0000000070000001]
                 -------------
 13  (0x00000000b43412b8)  [00|00|   20]
                 [   0x0000000000000000]
                 [   0x0000000000000000]
                 [   0x0000000000000000]
                 -------------
 14  (0x00000000b43412d8)  [00|00|   21]
                 [   0x0000000000000000]
                 [   0x0000000000000000]
                 [   0x0000000000000000]
                 -------------
 15  (0x00000000b43412f8)  [00|00|   23]
                 [   0x0000000000000000]
                 [   0x0000000000000000]
                 [   0x0000000000000000]
                 -------------
 16  (0x00000000b4341318)  [b6|00|   25]
                 [   0x0000000000000000]
                 [   0x00000000b0007940]
                 [   0x0000000000500002]
                 -------------
 17  (0x00000000b4341338)  [b6|00|   27]
                 [   0x0000000000000000]
                 [   0x0000000000000015]
                 [   0x0000000000000001]
                 -------------
 18  (0x00000000b4341358)  [b6|00|   28]
                 [   0x0000000000000000]
                 [   0x000000000000000f]
                 [   0x0000000000000001]
                 -------------
 19  (0x00000000b4341378)  [00|b9|   29]
                 [   0x00000000b00b8968]
                 [   0x0000000000000004]
                 [   0x0000000070000002]
                 -------------
 20  (0x00000000b4341398)  [b6|00|   30]
                 [   0x0000000000000000]
                 [   0x0000000000000005]
                 [   0x0000000070000001]
                 -------------
 21  (0x00000000b43413b8)  [b6|00|   31]
                 [   0x0000000000000000]
                 [   0x000000000000002b]
                 [   0x0000000070000001]
                 -------------
 22  (0x00000000b43413d8)  [00|b7|   32]
                 [   0x00000000b43362f0]
                 [   0x0000000000000000]
                 [   0x0000000070000003]
                 -------------
 23  (0x00000000b43413f8)  [00|b4|   33]
                 [   0x00000000c1b9b830]
                 [   0x000000000000000c]
                 [   0x0000000074400006]
                 -------------
 24  (0x00000000b4341418)  [b6|00|   34]
                 [   0x0000000000000000]
                 [   0x0000000000000018]
                 [   0x0000000070000001]
                 -------------
 25  (0x00000000b4341438)  [b6|00|   35]
                 [   0x0000000000000000]
                 [   0x0000000000000012]
                 [   0x0000000070000001]
                 -------------
 26  (0x00000000b4341458)  [00|b9|   37]
                 [   0x00000000b0daea70]
                 [   0x0000000000000009]
                 [   0x0000000070000003]
                 -------------
 27  (0x00000000b4341478)  [00|b9|   39]
                 [   0x00000000b0daea70]
                 [   0x0000000000000003]
                 [   0x0000000070000002]
                 -------------
 28  (0x00000000b4341498)  [00|b9|   40]
                 [   0x00000000b0dabc10]
                 [   0x0000000000000002]
                 [   0xffffffff80000002]
                 -------------
 29  (0x00000000b43414b8)  [00|b9|   41]
                 [   0x00000000b0da9690]
                 [   0x0000000000000002]
                 [   0x0000000070000001]
                 -------------
 30  (0x00000000b43414d8)  [00|b9|   42]
                 [   0x00000000b0dacd08]
                 [   0x0000000000000006]
                 [   0x0000000070000002]
                 -------------
 31  (0x00000000b43414f8)  [00|b8|   43]
                 [   0x00000000b3cfb7c0]
                 [   0x0000000000000000]
                 [   0x0000000070400000]
                 -------------
 32  (0x00000000b4341518)  [b6|00|   44]
                 [   0x0000000000000000]
                 [   0x0000000000000019]
                 [   0x0000000070000001]
                 -------------
 33  (0x00000000b4341538)  [00|b9|   45]
                 [   0x00000000b0da9690]
                 [   0x000000000000000b]
                 [   0x0000000070000001]
                 -------------
 34  (0x00000000b4341558)  [00|b9|   46]
                 [   0x00000000b0da70b8]
                 [   0x0000000000000000]
                 [   0x0000000030000001]
                 -------------
 35  (0x00000000b4341578)  [00|b9|   47]
                 [   0x00000000b0da70b8]
                 [   0x0000000000000001]
                 [   0x0000000070000002]
                 -------------
 36  (0x00000000b4341598)  [00|b9|   48]
                 [   0x00000000b0da9690]
                 [   0x0000000000000010]
                 [   0x0000000020000001]
                 -------------
 37  (0x00000000b43415b8)  [00|b9|   50]
                 [   0x00000000b0da9690]
                 [   0x000000000000000d]
                 [   0x0000000070000001]
                 -------------
 38  (0x00000000b43415d8)  [00|b9|   51]
                 [   0x00000000b0dacd08]
                 [   0x0000000000000003]
                 [   0x0000000070000003]
                 -------------
 39  (0x00000000b43415f8)  [00|b9|   53]
                 [   0x00000000b0da9690]
                 [   0x0000000000000011]
                 [   0x0000000070000001]
                 -------------
 40  (0x00000000b4341618)  [00|b9|   54]
                 [   0x00000000b00faa58]
                 [   0x0000000000000005]
                 [   0x0000000000000002]
                 -------------
 41  (0x00000000b4341638)  [00|b9|   55]
                 [   0x00000000b00faa58]
                 [   0x0000000000000000]
                 [   0x0000000000000002]
                 -------------
 42  (0x00000000b4341658)  [00|b8|   56]
                 [   0x00000000b4320450]
                 [   0x0000000000000000]
                 [   0x0000000070000002]
                 -------------
 43  (0x00000000b4341678)  [00|b9|   57]
                 [   0x00000000b0da9690]
                 [   0x0000000000000007]
                 [   0x0000000070000002]
                 -------------
 44  (0x00000000b4341698)  [b6|00|   59]
                 [   0x0000000000000000]
                 [   0x000000000000001a]
                 [   0x0000000070000001]
                 -------------
 45  (0x00000000b43416b8)  [00|b7|   60]
                 [   0x00000000b433dad0]
                 [   0x0000000000000000]
                 [   0xffffffff80000005]
                 -------------
 46  (0x00000000b43416d8)  [00|00|   61]
                 [   0x0000000000000000]
                 [   0x0000000000000000]
                 [   0x0000000000000000]
                 -------------
 47  (0x00000000b43416f8)  [00|00|   62]
                 [   0x0000000000000000]
                 [   0x0000000000000000]
                 [   0x0000000000000000]
                 -------------
 48  (0x00000000b4341718)  [b6|00|   63]
                 [   0x0000000000000000]
                 [   0x000000000000000e]
                 [   0x0000000070000001]
                 -------------
 49  (0x00000000b4341738)  [00|b7|   64]
                 [   0x00000000b4336a28]
                 [   0x0000000000000000]
                 [   0xffffffff80000003]
                 -------------
 50  (0x00000000b4341758)  [00|b9|   65]
                 [   0x00000000b407c0e0]
                 [   0x0000000000000003]
                 [   0xffffffff80000002]
                 -------------
 51  (0x00000000b4341778)  [00|00|   66]
                 [   0x0000000000000000]
                 [   0x0000000000000000]
                 [   0x0000000000000000]
                 -------------
 52  (0x00000000b4341798)  [00|00|   68]
                 [   0x0000000000000000]
                 [   0x0000000000000000]
                 [   0x0000000000000000]
                 -------------
 53  (0x00000000b43417b8)  [00|00|   69]
                 [   0x0000000000000000]
                 [   0x0000000000000000]
                 [   0x0000000000000000]
                 -------------
 54  (0x00000000b43417d8)  [00|b9|   70]
                 [   0x00000000b003eb50]
                 [   0x0000000000000001]
                 [   0x0000000070000002]
                 -------------
 55  (0x00000000b43417f8)  [00|00|   75]
                 [   0x0000000000000000]
                 [   0x0000000000000000]
                 [   0x0000000000000000]
                 -------------
 56  (0x00000000b4341818)  [00|00|   76]
                 [   0x0000000000000000]
                 [   0x0000000000000000]
                 [   0x0000000000000000]
                 -------------
 57  (0x00000000b4341838)  [00|00|   77]
                 [   0x0000000000000000]
                 [   0x0000000000000000]
                 [   0x0000000000000000]
                 -------------
 58  (0x00000000b4341858)  [b6|00|   78]
                 [   0x0000000000000000]
                 [   0x000000000000000a]
                 [   0x0000000070000001]
                 -------------
 59  (0x00000000b4341878)  [00|b9|   79]
                 [   0x00000000b0daea70]
                 [   0x0000000000000008]
                 [   0x0000000070000002]
                 -------------
 60  (0x00000000b4341898)  [00|b9|   80]
                 [   0x00000000b003eb50]
                 [   0x000000000000000b]
                 [   0x0000000070000001]
                 -------------
 61  (0x00000000b43418b8)  [00|b9|   81]
                 [   0x00000000b00faa58]
                 [   0x000000000000000b]
                 [   0x0000000070000001]
                 -------------
 62  (0x00000000b43418d8)  [00|b8|   83]
                 [   0x00000000b43205e0]
                 [   0x0000000000000000]
                 [   0xffffffff80000005]
                 -------------
 63  (0x00000000b43418f8)  [00|b9|   84]
                 [   0x00000000b003eb50]
                 [   0x0000000000000004]
                 [   0x0000000070000001]
                 -------------
 64  (0x00000000b4341918)  [00|b9|   85]
                 [   0x00000000b00b7380]
                 [   0x000000000000000b]
                 [   0x0000000070000001]
                 -------------
 65  (0x00000000b4341938)  [b6|00|   86]
                 [   0x0000000000000004]
                 [   0x0000000000000010]
                 [   0x0000000070000002]
                 -------------
 66  (0x00000000b4341958)  [00|b9|   87]
                 [   0x00000000b003eb50]
                 [   0x0000000000000002]
                 [   0x0000000070000003]
                 -------------
 67  (0x00000000b4341978)  [00|00|   88]
                 [   0x0000000000000000]
                 [   0x0000000000000000]
                 [   0x0000000000000000]
                 -------------
 68  (0x00000000b4341998)  [00|00|   89]
                 [   0x0000000000000000]
                 [   0x0000000000000000]
                 [   0x0000000000000000]
                 -------------
 69  (0x00000000b43419b8)  [00|b7|   90]
                 [   0x00000000b4313f60]
                 [   0x0000000000000000]
                 [   0xffffffff80000002]
                 -------------
 70  (0x00000000b43419d8)  [00|b7|   91]
                 [   0x00000000b4337348]
                 [   0x0000000000000000]
                 [   0xffffffff80000001]
                 -------------
 71  (0x00000000b43419f8)  [00|b7|   92]
                 [   0x00000000b43149d0]
                 [   0x0000000000000000]
                 [   0xffffffff80000003]
                 -------------
 72  (0x00000000b4341a18)  [b5|b4|   93]
                 [   0x00000000c1b0ec20]
                 [   0x0000000000000018]
                 [   0x0000000074000002]
                 -------------
 73  (0x00000000b4341a38)  [00|b7|   94]
                 [   0x00000000b4337268]
                 [   0x0000000000000000]
                 [   0xffffffff80000001]
                 -------------
 74  (0x00000000b4341a58)  [b6|00|   95]
                 [   0x0000000000000000]
                 [   0x0000000000000006]
                 [   0x0000000070000001]
                 -------------
 75  (0x00000000b4341a78)  [00|b8|   96]
                 [   0x00000000b42c83d8]
                 [   0x0000000000000000]
                 [   0x0000000070000000]
                 -------------
 76  (0x00000000b4341a98)  [b6|00|   97]
                 [   0x0000000000000000]
                 [   0x0000000000000017]
                 [   0x0000000070000001]
                 -------------
 77  (0x00000000b4341ab8)  [00|b9|   98]
                 [   0x00000000b3be0c00]
                 [   0x0000000000000005]
                 [   0x0000000070000001]
                 -------------
 78  (0x00000000b4341ad8)  [b6|00|   99]
                 [   0x0000000000000000]
                 [   0x000000000000002c]
                 [   0x0000000070000001]
                 -------------
 79  (0x00000000b4341af8)  [00|b2|  100]
                 [   0x00000000c1b0ee38]
                 [   0x0000000000000070]
                 [   0x0000000074400000]
                 -------------
 80  (0x00000000b4341b18)  [b6|00|  101]
                 [   0x0000000000000000]
                 [   0x000000000000001d]
                 [   0x0000000070000001]
                 -------------
 81  (0x00000000b4341b38)  [b6|00|  102]
                 [   0x0000000000000000]
                 [   0x00000000b435d1e8]
                 [   0x0000000070500001]
                 -------------
 82  (0x00000000b4341b58)  [b6|00|  103]
                 [   0x0000000000000000]
                 [   0x00000000b4340378]
                 [   0x0000000000500001]
                 -------------
 83  (0x00000000b4341b78)  [b6|00|  104]
                 [   0x0000000000000000]
                 [   0x00000000b433fff0]
                 [   0x0000000030500001]
                 -------------
 84  (0x00000000b4341b98)  [00|b8|  105]
                 [   0x00000000b4359e50]
                 [   0x0000000000000000]
                 [   0x0000000070400001]
                 -------------
 85  (0x00000000b4341bb8)  [b6|00|  106]
                 [   0x0000000000000000]
                 [   0x00000000b435ab20]
                 [   0xffffffff80500002]
                 -------------
 86  (0x00000000b4341bd8)  [00|b7|  108]
                 [   0x00000000b0082718]
                 [   0x0000000000000000]
                 [   0xffffffff80400001]
                 -------------
 87  (0x00000000b4341bf8)  [b6|00|  109]
                 [   0x0000000000000000]
                 [   0x00000000b43466b8]
                 [   0x0000000070500001]
                 -------------
 88  (0x00000000b4341c18)  [b6|00|  110]
                 [   0x0000000000000000]
                 [   0x00000000b0082b48]
                 [   0x0000000070500002]
                 -------------
 89  (0x00000000b4341c38)  [b6|00|  112]
                 [   0x0000000000000000]
                 [   0x00000000b00847c0]
                 [   0x0000000070500001]
                 -------------
 90  (0x00000000b4341c58)  [00|b9|  113]
                 [   0x00000000b42b8d50]
                 [   0x0000000000000001]
                 [   0x0000000070000003]
                 -------------
 91  (0x00000000b4341c78)  [00|b8|  115]
                 [   0x00000000b009cb70]
                 [   0x0000000000000000]
                 [   0x0000000070400001]
                 -------------
 92  (0x00000000b4341c98)  [00|b8|  116]
                 [   0x00000000b43c20a8]
                 [   0x0000000000000000]
                 [   0x0000000070000002]
                 -------------
 93  (0x00000000b4341cb8)  [00|b9|  117]
                 [   0x00000000b42b8d50]
                 [   0x0000000000000002]
                 [   0x0000000070000004]
                 -------------
 94  (0x00000000b4341cd8)  [b6|00|  118]
                 [   0x0000000000000000]
                 [   0x0000000000000005]
                 [   0x0000000070000001]
                 -------------
 95  (0x00000000b4341cf8)  [b6|00|  120]
                 [   0x0000000000000000]
                 [   0x00000000b009cf98]
                 [   0x0000000030500001]
                 -------------
 96  (0x00000000b4341d18)  [b6|00|  121]
                 [   0x0000000000000000]
                 [   0x0000000000000006]
                 [   0x0000000070000001]
                 -------------
 97  (0x00000000b4341d38)  [00|b9|  122]
                 [   0x00000000b00faa58]
                 [   0x0000000000000001]
                 [   0x0000000000000002]
                 -------------
 98  (0x00000000b4341d58)  [b6|00|  123]
                 [   0x0000000000000000]
                 [   0x000000000000001f]
                 [   0x0000000000000002]
                 -------------
 99  (0x00000000b4341d78)  [00|00|  124]
                 [   0x0000000000000000]
                 [   0x0000000000000000]
                 [   0x0000000000000000]
                 -------------
100  (0x00000000b4341d98)  [00|00|  125]
                 [   0x0000000000000000]
                 [   0x0000000000000000]
                 [   0x0000000000000000]
                 -------------
101  (0x00000000b4341db8)  [00|00|  126]
                 [   0x0000000000000000]
                 [   0x0000000000000000]
                 [   0x0000000000000000]
                 -------------
102  (0x00000000b4341dd8)  [00|00|  127]
                 [   0x0000000000000000]
                 [   0x0000000000000000]
                 [   0x0000000000000000]
                 -------------
103  (0x00000000b4341df8)  [00|00|  128]
                 [   0x0000000000000000]
                 [   0x0000000000000000]
                 [   0x0000000000000000]
                 -------------
104  (0x00000000b4341e18)  [00|00|  129]
                 [   0x0000000000000000]
                 [   0x0000000000000000]
                 [   0x0000000000000000]
                 -------------
105  (0x00000000b4341e38)  [00|b7|  130]
                 [   0x00000000b4314cf0]
                 [   0x0000000000000000]
                 [   0xffffffff80000003]
                 -------------
106  (0x00000000b4341e58)  [00|00|  131]
                 [   0x0000000000000000]
                 [   0x0000000000000000]
                 [   0x0000000000000000]
                 -------------
107  (0x00000000b4341e78)  [00|00|  132]
                 [   0x0000000000000000]
                 [   0x0000000000000000]
                 [   0x0000000000000000]
                 -------------
108  (0x00000000b4341e98)  [00|b7|  133]
                 [   0x00000000b4314038]
                 [   0x0000000000000000]
                 [   0x0000000070000001]
                 -------------
109  (0x00000000b4341eb8)  [00|00|  134]
                 [   0x0000000000000000]
                 [   0x0000000000000000]
                 [   0x0000000000000000]
                 -------------
110  (0x00000000b4341ed8)  [00|00|  135]
                 [   0x0000000000000000]
                 [   0x0000000000000000]
                 [   0x0000000000000000]
                 -------------
RSI=0x0000000008ff6fb0 is an unknown value
RDI=0x0000000008ff6fb0 is an unknown value
R8 =0x0000000000000000 is an unknown value
R9 =0x007fffffffa80000 is an unknown value
R10=0x0000000000004d64 is an unknown value
R11=0x0000000000000700 is an unknown value
R12=0x0000000062ede5a0 is an unknown value
R13=0x000000000258c3c0 is an unknown value
R14=0x0000000002585490 is an unknown value
R15=0x0000000000000000 is an unknown value


Stack: [0x0000000005e10000,0x0000000005f10000],  sp=0x0000000005f0f8a0,  free space=1022k
Native frames: (J=compiled Java code, j=interpreted, Vv=VM code, C=native code)
V  [jvm.dll+0xd1ec1]


---------------  P R O C E S S  ---------------

Java Threads: ( => current thread )
  0x000000000ec00800 JavaThread "pool-26-thread-4" [_thread_blocked, id=7968, stack(0x00000000122b0000,0x00000000123b0000)]
  0x000000000ebff800 JavaThread "pool-26-thread-3" [_thread_blocked, id=10824, stack(0x0000000011e10000,0x0000000011f10000)]
  0x000000000ebfe000 JavaThread "pool-26-thread-2" [_thread_blocked, id=8548, stack(0x0000000010930000,0x0000000010a30000)]
  0x000000000f749000 JavaThread "pool-26-thread-1" [_thread_blocked, id=2040, stack(0x000000000d310000,0x000000000d410000)]
  0x000000000f744800 JavaThread "Daemon worker Thread 25" [_thread_blocked, id=496, stack(0x0000000010830000,0x0000000010930000)]
  0x000000000f746000 JavaThread "Cancel handler" [_thread_blocked, id=8152, stack(0x000000000d070000,0x000000000d170000)]
  0x000000000f745000 JavaThread "Handler for socket connection from /127.0.0.1:53334 to /127.0.0.1:64864" [_thread_in_native, id=7972, stack(0x000000000d1a0000,0x000000000d2a0000)]
  0x000000000f743000 JavaThread "Daemon Thread 25" [_thread_blocked, id=4224, stack(0x000000000cf00000,0x000000000d000000)]
  0x000000000ebf9800 JavaThread "pool-12-thread-4" [_thread_blocked, id=3988, stack(0x00000000127f0000,0x00000000128f0000)]
  0x000000000ebfc800 JavaThread "pool-12-thread-3" [_thread_blocked, id=1648, stack(0x00000000125c0000,0x00000000126c0000)]
  0x000000000ebfa800 JavaThread "pool-12-thread-2" [_thread_blocked, id=7068, stack(0x000000000d490000,0x000000000d590000)]
  0x000000000ebfc000 JavaThread "pool-12-thread-1" [_thread_blocked, id=3416, stack(0x00000000124c0000,0x00000000125c0000)]
  0x000000000abfa000 JavaThread "pool-2-thread-4" [_thread_blocked, id=2620, stack(0x00000000120f0000,0x00000000121f0000)]
  0x000000000abf9000 JavaThread "pool-2-thread-3" [_thread_blocked, id=308, stack(0x0000000011f80000,0x0000000012080000)]
  0x000000000f749800 JavaThread "pool-2-thread-2" [_thread_blocked, id=7628, stack(0x0000000010cb0000,0x0000000010db0000)]
  0x000000000f748000 JavaThread "pool-2-thread-1" [_thread_blocked, id=7636, stack(0x000000000d5f0000,0x000000000d6f0000)]
  0x000000000b70d800 JavaThread "File lock request listener" [_thread_in_native, id=7592, stack(0x000000000d730000,0x000000000d830000)]
  0x000000000b41e800 JavaThread "Incoming local TCP Connector on port 53334" [_thread_in_native, id=7536, stack(0x000000000ce00000,0x000000000cf00000)]
  0x000000000911c800 JavaThread "Service Thread" daemon [_thread_blocked, id=7508, stack(0x000000000aaa0000,0x000000000aba0000)]
  0x000000000911a000 JavaThread "C2 CompilerThread1" daemon [_thread_blocked, id=7504, stack(0x000000000a800000,0x000000000a900000)]
  0x0000000009115000 JavaThread "C2 CompilerThread0" daemon [_thread_blocked, id=7492, stack(0x0000000009f50000,0x000000000a050000)]
  0x0000000009113800 JavaThread "Attach Listener" daemon [_thread_blocked, id=7288, stack(0x000000000a660000,0x000000000a760000)]
  0x000000000910c000 JavaThread "Signal Dispatcher" daemon [_thread_blocked, id=7524, stack(0x000000000a520000,0x000000000a620000)]
  0x00000000090a9000 JavaThread "Finalizer" daemon [_thread_blocked, id=7520, stack(0x000000000a360000,0x000000000a460000)]
  0x00000000090a0000 JavaThread "Reference Handler" daemon [_thread_blocked, id=7496, stack(0x000000000a1e0000,0x000000000a2e0000)]
  0x00000000026ce800 JavaThread "main" [_thread_blocked, id=7456, stack(0x00000000026e0000,0x00000000027e0000)]

Other Threads:
  0x000000000909a800 VMThread [stack: 0x000000000a060000,0x000000000a160000] [id=7544]
  0x000000000911e800 WatcherThread [stack: 0x000000000a980000,0x000000000aa80000] [id=7596]

=>0x000000000258d000 (exited) GCTaskThread [stack: 0x0000000005e10000,0x0000000005f10000] [id=7476]

VM state:at safepoint (normal execution)

VM Mutex/Monitor currently owned by a thread:  ([mutex/lock_event])
[0x00000000026cbee0] Threads_lock - owner thread: 0x000000000909a800
[0x00000000026cc3e0] Heap_lock - owner thread: 0x000000000f744800

Heap
 PSYoungGen      total 283648K, used 22003K [0x00000000eaa80000, 0x00000000ffc80000, 0x0000000100000000)
  eden space 221184K, 0% used [0x00000000eaa80000,0x00000000eaa80000,0x00000000f8280000)
  from space 62464K, 35% used [0x00000000fbf80000,0x00000000fd4fceb0,0x00000000ffc80000)
  to   space 62464K, 0% used [0x00000000f8280000,0x00000000f8280000,0x00000000fbf80000)
 ParOldGen       total 176640K, used 129017K [0x00000000c0000000, 0x00000000cac80000, 0x00000000eaa80000)
  object space 176640K, 73% used [0x00000000c0000000,0x00000000c7dfe7e8,0x00000000cac80000)
 PSPermGen       total 75776K, used 73668K [0x00000000b0000000, 0x00000000b4a00000, 0x00000000c0000000)
  object space 75776K, 97% used [0x00000000b0000000,0x00000000b47f1190,0x00000000b4a00000)

Card table byte_map: [0x00000000058d0000,0x0000000005b60000] byte_map_base: 0x0000000005350000

Polling page: 0x0000000000130000

Code Cache  [0x00000000028d0000, 0x0000000003e10000, 0x00000000058d0000)
 total_blobs=5799 nmethods=5128 adapters=621 free_code_cache=27675Kb largest_free_block=28083072

Compilation events (10 events):
Event: 19286.694 Thread 0x000000000911a000 5821             com.sun.tools.javac.code.Type$1::baseType (8 bytes)
Event: 19286.694 Thread 0x000000000911a000 nmethod 5821 0x0000000003d6f0d0 code [0x0000000003d6f200, 0x0000000003d6f278]
Event: 19298.282 Thread 0x0000000009115000 5822             com.google.common.cache.LocalCache$StrongValueReference::notifyNewValue (1 bytes)
Event: 19298.282 Thread 0x0000000009115000 nmethod 5822 0x0000000003d77d10 code [0x0000000003d77e40, 0x0000000003d77e98]
Event: 19301.683 Thread 0x000000000911a000 5823             org.gradle.cache.internal.btree.CachingBlockStore::maybeCache (32 bytes)
Event: 19301.701 Thread 0x000000000911a000 nmethod 5823 0x0000000003deb610 code [0x0000000003deb800, 0x0000000003debf20]
Event: 19302.165 Thread 0x0000000009115000 5824             org.gradle.api.internal.changedetection.state.CachingFileSnapshotter$FileInfo::access$300 (5 bytes)
Event: 19302.166 Thread 0x0000000009115000 nmethod 5824 0x0000000003d84850 code [0x0000000003d84980, 0x0000000003d849d8]
Event: 19304.072 Thread 0x000000000911a000 5825             java.io.Bits::putShort (16 bytes)
Event: 19304.073 Thread 0x000000000911a000 nmethod 5825 0x0000000003d799d0 code [0x0000000003d79b00, 0x0000000003d79bb8]

GC Heap History (10 events):
Event: 19185.523 GC heap after
Heap after GC invocations=126 (full 28):
 PSYoungGen      total 266240K, used 25840K [0x00000000eaa80000, 0x00000000ff680000, 0x0000000100000000)
  eden space 203776K, 0% used [0x00000000eaa80000,0x00000000eaa80000,0x00000000f7180000)
  from space 62464K, 41% used [0x00000000fb980000,0x00000000fd2bc010,0x00000000ff680000)
  to   space 68096K, 0% used [0x00000000f7180000,0x00000000f7180000,0x00000000fb400000)
 ParOldGen       total 176640K, used 50480K [0x00000000c0000000, 0x00000000cac80000, 0x00000000eaa80000)
  object space 176640K, 28% used [0x00000000c0000000,0x00000000c314c0a0,0x00000000cac80000)
 PSPermGen       total 75776K, used 73438K [0x00000000b0000000, 0x00000000b4a00000, 0x00000000c0000000)
  object space 75776K, 96% used [0x00000000b0000000,0x00000000b47b7a10,0x00000000b4a00000)
}
Event: 19247.189 GC heap before
{Heap before GC invocations=127 (full 28):
 PSYoungGen      total 266240K, used 229616K [0x00000000eaa80000, 0x00000000ff680000, 0x0000000100000000)
  eden space 203776K, 100% used [0x00000000eaa80000,0x00000000f7180000,0x00000000f7180000)
  from space 62464K, 41% used [0x00000000fb980000,0x00000000fd2bc010,0x00000000ff680000)
  to   space 68096K, 0% used [0x00000000f7180000,0x00000000f7180000,0x00000000fb400000)
 ParOldGen       total 176640K, used 50480K [0x00000000c0000000, 0x00000000cac80000, 0x00000000eaa80000)
  object space 176640K, 28% used [0x00000000c0000000,0x00000000c314c0a0,0x00000000cac80000)
 PSPermGen       total 75776K, used 73484K [0x00000000b0000000, 0x00000000b4a00000, 0x00000000c0000000)
  object space 75776K, 96% used [0x00000000b0000000,0x00000000b47c3010,0x00000000b4a00000)
Event: 19247.253 GC heap after
Heap after GC invocations=127 (full 28):
 PSYoungGen      total 271872K, used 16524K [0x00000000eaa80000, 0x00000000fff80000, 0x0000000100000000)
  eden space 203776K, 0% used [0x00000000eaa80000,0x00000000eaa80000,0x00000000f7180000)
  from space 68096K, 24% used [0x00000000f7180000,0x00000000f81a33d0,0x00000000fb400000)
  to   space 65024K, 0% used [0x00000000fc000000,0x00000000fc000000,0x00000000fff80000)
 ParOldGen       total 176640K, used 74682K [0x00000000c0000000, 0x00000000cac80000, 0x00000000eaa80000)
  object space 176640K, 42% used [0x00000000c0000000,0x00000000c48eeb08,0x00000000cac80000)
 PSPermGen       total 75776K, used 73484K [0x00000000b0000000, 0x00000000b4a00000, 0x00000000c0000000)
  object space 75776K, 96% used [0x00000000b0000000,0x00000000b47c3010,0x00000000b4a00000)
}
Event: 19282.098 GC heap before
{Heap before GC invocations=128 (full 28):
 PSYoungGen      total 271872K, used 220300K [0x00000000eaa80000, 0x00000000fff80000, 0x0000000100000000)
  eden space 203776K, 100% used [0x00000000eaa80000,0x00000000f7180000,0x00000000f7180000)
  from space 68096K, 24% used [0x00000000f7180000,0x00000000f81a33d0,0x00000000fb400000)
  to   space 65024K, 0% used [0x00000000fc000000,0x00000000fc000000,0x00000000fff80000)
 ParOldGen       total 176640K, used 74682K [0x00000000c0000000, 0x00000000cac80000, 0x00000000eaa80000)
  object space 176640K, 42% used [0x00000000c0000000,0x00000000c48eeb08,0x00000000cac80000)
 PSPermGen       total 75776K, used 73534K [0x00000000b0000000, 0x00000000b4a00000, 0x00000000c0000000)
  object space 75776K, 97% used [0x00000000b0000000,0x00000000b47cfb90,0x00000000b4a00000)
Event: 19282.116 GC heap after
Heap after GC invocations=128 (full 28):
 PSYoungGen      total 273920K, used 15114K [0x00000000eaa80000, 0x00000000ff800000, 0x0000000100000000)
  eden space 216576K, 0% used [0x00000000eaa80000,0x00000000eaa80000,0x00000000f7e00000)
  from space 57344K, 26% used [0x00000000fc000000,0x00000000fcec2aa8,0x00000000ff800000)
  to   space 62464K, 0% used [0x00000000f7e00000,0x00000000f7e00000,0x00000000fbb00000)
 ParOldGen       total 176640K, used 75306K [0x00000000c0000000, 0x00000000cac80000, 0x00000000eaa80000)
  object space 176640K, 42% used [0x00000000c0000000,0x00000000c498abe8,0x00000000cac80000)
 PSPermGen       total 75776K, used 73534K [0x00000000b0000000, 0x00000000b4a00000, 0x00000000c0000000)
  object space 75776K, 97% used [0x00000000b0000000,0x00000000b47cfb90,0x00000000b4a00000)
}
Event: 19285.645 GC heap before
{Heap before GC invocations=129 (full 28):
 PSYoungGen      total 273920K, used 231690K [0x00000000eaa80000, 0x00000000ff800000, 0x0000000100000000)
  eden space 216576K, 100% used [0x00000000eaa80000,0x00000000f7e00000,0x00000000f7e00000)
  from space 57344K, 26% used [0x00000000fc000000,0x00000000fcec2aa8,0x00000000ff800000)
  to   space 62464K, 0% used [0x00000000f7e00000,0x00000000f7e00000,0x00000000fbb00000)
 ParOldGen       total 176640K, used 75306K [0x00000000c0000000, 0x00000000cac80000, 0x00000000eaa80000)
  object space 176640K, 42% used [0x00000000c0000000,0x00000000c498abe8,0x00000000cac80000)
 PSPermGen       total 75776K, used 73659K [0x00000000b0000000, 0x00000000b4a00000, 0x00000000c0000000)
  object space 75776K, 97% used [0x00000000b0000000,0x00000000b47eec58,0x00000000b4a00000)
Event: 19285.707 GC heap after
Heap after GC invocations=129 (full 28):
 PSYoungGen      total 279040K, used 43876K [0x00000000eaa80000, 0x0000000100000000, 0x0000000100000000)
  eden space 216576K, 0% used [0x00000000eaa80000,0x00000000eaa80000,0x00000000f7e00000)
  from space 62464K, 70% used [0x00000000f7e00000,0x00000000fa8d9210,0x00000000fbb00000)
  to   space 66048K, 0% used [0x00000000fbf80000,0x00000000fbf80000,0x0000000100000000)
 ParOldGen       total 176640K, used 88581K [0x00000000c0000000, 0x00000000cac80000, 0x00000000eaa80000)
  object space 176640K, 50% used [0x00000000c0000000,0x00000000c5681718,0x00000000cac80000)
 PSPermGen       total 75776K, used 73659K [0x00000000b0000000, 0x00000000b4a00000, 0x00000000c0000000)
  object space 75776K, 97% used [0x00000000b0000000,0x00000000b47eec58,0x00000000b4a00000)
}
Event: 19309.297 GC heap before
{Heap before GC invocations=130 (full 28):
 PSYoungGen      total 279040K, used 260452K [0x00000000eaa80000, 0x0000000100000000, 0x0000000100000000)
  eden space 216576K, 100% used [0x00000000eaa80000,0x00000000f7e00000,0x00000000f7e00000)
  from space 62464K, 70% used [0x00000000f7e00000,0x00000000fa8d9210,0x00000000fbb00000)
  to   space 66048K, 0% used [0x00000000fbf80000,0x00000000fbf80000,0x0000000100000000)
 ParOldGen       total 176640K, used 88581K [0x00000000c0000000, 0x00000000cac80000, 0x00000000eaa80000)
  object space 176640K, 50% used [0x00000000c0000000,0x00000000c5681718,0x00000000cac80000)
 PSPermGen       total 75776K, used 73668K [0x00000000b0000000, 0x00000000b4a00000, 0x00000000c0000000)
  object space 75776K, 97% used [0x00000000b0000000,0x00000000b47f1190,0x00000000b4a00000)
Event: 19309.392 GC heap after
Heap after GC invocations=130 (full 28):
 PSYoungGen      total 283648K, used 22003K [0x00000000eaa80000, 0x00000000ffc80000, 0x0000000100000000)
  eden space 221184K, 0% used [0x00000000eaa80000,0x00000000eaa80000,0x00000000f8280000)
  from space 62464K, 35% used [0x00000000fbf80000,0x00000000fd4fceb0,0x00000000ffc80000)
  to   space 62464K, 0% used [0x00000000f8280000,0x00000000f8280000,0x00000000fbf80000)
 ParOldGen       total 176640K, used 129017K [0x00000000c0000000, 0x00000000cac80000, 0x00000000eaa80000)
  object space 176640K, 73% used [0x00000000c0000000,0x00000000c7dfe7e8,0x00000000cac80000)
 PSPermGen       total 75776K, used 73668K [0x00000000b0000000, 0x00000000b4a00000, 0x00000000c0000000)
  object space 75776K, 97% used [0x00000000b0000000,0x00000000b47f1190,0x00000000b4a00000)
}
Event: 19309.393 GC heap before
{Heap before GC invocations=131 (full 29):
 PSYoungGen      total 283648K, used 22003K [0x00000000eaa80000, 0x00000000ffc80000, 0x0000000100000000)
  eden space 221184K, 0% used [0x00000000eaa80000,0x00000000eaa80000,0x00000000f8280000)
  from space 62464K, 35% used [0x00000000fbf80000,0x00000000fd4fceb0,0x00000000ffc80000)
  to   space 62464K, 0% used [0x00000000f8280000,0x00000000f8280000,0x00000000fbf80000)
 ParOldGen       total 176640K, used 129017K [0x00000000c0000000, 0x00000000cac80000, 0x00000000eaa80000)
  object space 176640K, 73% used [0x00000000c0000000,0x00000000c7dfe7e8,0x00000000cac80000)
 PSPermGen       total 75776K, used 73668K [0x00000000b0000000, 0x00000000b4a00000, 0x00000000c0000000)
  object space 75776K, 97% used [0x00000000b0000000,0x00000000b47f1190,0x00000000b4a00000)

Deoptimization events (10 events):
Event: 19257.298 Thread 0x000000000f744800 Uncommon trap: reason=class_check action=maybe_recompile pc=0x0000000003162d28 method=com.google.common.collect.ImmutableListMultimap.copyOf(Lcom/google/common/collect/Multimap;)Lcom/google/common/collect/ImmutableListMultimap; @ 94
Event: 19281.134 Thread 0x000000000f744800 Uncommon trap: reason=class_check action=maybe_recompile pc=0x0000000002c3b8e0 method=java.lang.StringBuilder.append(Ljava/lang/CharSequence;)Ljava/lang/StringBuilder; @ 40
Event: 19281.134 Thread 0x000000000f744800 Uncommon trap: reason=bimorphic action=maybe_recompile pc=0x000000000297c5a4 method=java.lang.AbstractStringBuilder.append(Ljava/lang/CharSequence;II)Ljava/lang/AbstractStringBuilder; @ 18
Event: 19281.149 Thread 0x000000000f744800 Uncommon trap: reason=class_check action=maybe_recompile pc=0x0000000003162d28 method=com.google.common.collect.ImmutableListMultimap.copyOf(Lcom/google/common/collect/Multimap;)Lcom/google/common/collect/ImmutableListMultimap; @ 94
Event: 19282.205 Thread 0x000000000f744800 Uncommon trap: reason=array_check action=maybe_recompile pc=0x0000000003db7440 method=java.util.ComparableTimSort.reverseRange([Ljava/lang/Object;II)V @ 20
Event: 19282.205 Thread 0x000000000f744800 Uncommon trap: reason=array_check action=maybe_recompile pc=0x0000000003db7440 method=java.util.ComparableTimSort.reverseRange([Ljava/lang/Object;II)V @ 20
Event: 19282.205 Thread 0x000000000f744800 Uncommon trap: reason=array_check action=maybe_recompile pc=0x0000000003db7440 method=java.util.ComparableTimSort.reverseRange([Ljava/lang/Object;II)V @ 20
Event: 19282.205 Thread 0x000000000f744800 Uncommon trap: reason=array_check action=maybe_recompile pc=0x0000000003db7440 method=java.util.ComparableTimSort.reverseRange([Ljava/lang/Object;II)V @ 20
Event: 19282.214 Thread 0x000000000f744800 Uncommon trap: reason=array_check action=maybe_recompile pc=0x0000000003db6744 method=java.util.ComparableTimSort.reverseRange([Ljava/lang/Object;II)V @ 27
Event: 19282.214 Thread 0x000000000f744800 Uncommon trap: reason=array_check action=maybe_recompile pc=0x0000000003db6744 method=java.util.ComparableTimSort.reverseRange([Ljava/lang/Object;II)V @ 27

Internal exceptions (10 events):
Event: 19283.746 Thread 0x000000000f744800 Threw 0x00000000eebb6580 at C:\re\jdk7u45\229\hotspot\src\share\vm\prims\jvm.cpp:1244
Event: 19283.749 Thread 0x000000000f744800 Threw 0x00000000eec2d240 at C:\re\jdk7u45\229\hotspot\src\share\vm\prims\jvm.cpp:1244
Event: 19283.750 Thread 0x000000000f744800 Threw 0x00000000eec3eb48 at C:\re\jdk7u45\229\hotspot\src\share\vm\prims\jvm.cpp:1244
Event: 19283.750 Thread 0x000000000f744800 Threw 0x00000000eec42460 at C:\re\jdk7u45\229\hotspot\src\share\vm\prims\jvm.cpp:1244
Event: 19283.751 Thread 0x000000000f744800 Threw 0x00000000eec45120 at C:\re\jdk7u45\229\hotspot\src\share\vm\prims\jvm.cpp:1244
Event: 19283.762 Thread 0x000000000f744800 Threw 0x00000000eedfe390 at C:\re\jdk7u45\229\hotspot\src\share\vm\prims\jvm.cpp:1244
Event: 19283.762 Thread 0x000000000f744800 Threw 0x00000000eee04260 at C:\re\jdk7u45\229\hotspot\src\share\vm\prims\jvm.cpp:1244
Event: 19283.763 Thread 0x000000000f744800 Threw 0x00000000eee08270 at C:\re\jdk7u45\229\hotspot\src\share\vm\prims\jvm.cpp:1244
Event: 19283.766 Thread 0x000000000f744800 Threw 0x00000000eee2d1c0 at C:\re\jdk7u45\229\hotspot\src\share\vm\prims\jvm.cpp:1244
Event: 19283.767 Thread 0x000000000f744800 Threw 0x00000000eee30b40 at C:\re\jdk7u45\229\hotspot\src\share\vm\prims\jvm.cpp:1244

Events (10 events):
Event: 19283.763 loading class 0x000000000e06c2b0
Event: 19283.763 loading class 0x000000000e06c2b0 done
Event: 19283.766 loading class 0x000000000e06ccb0
Event: 19283.766 loading class 0x000000000e06ccb0 done
Event: 19283.766 loading class 0x000000000e06e8f0
Event: 19283.766 loading class 0x000000000e06e8f0 done
Event: 19285.645 Executing VM operation: ParallelGCFailedAllocation
Event: 19285.707 Executing VM operation: ParallelGCFailedAllocation done
Event: 19301.703 Thread 0x000000000911a000 flushing nmethod 0x0000000002f316d0
Event: 19309.297 Executing VM operation: ParallelGCFailedAllocation


Dynamic libraries:
0x000000013f710000 - 0x000000013f743000 	C:\Program Files\Java\jdk1.7.0_45\bin\java.exe
0x00000000770d0000 - 0x0000000077279000 	C:\Windows\SYSTEM32\ntdll.dll
0x0000000076d50000 - 0x0000000076e6f000 	C:\Windows\system32\kernel32.dll
0x000007fefd890000 - 0x000007fefd8fc000 	C:\Windows\system32\KERNELBASE.dll
0x000007fefeba0000 - 0x000007fefec7b000 	C:\Windows\system32\ADVAPI32.dll
0x000007feff340000 - 0x000007feff3df000 	C:\Windows\system32\msvcrt.dll
0x000007feff2b0000 - 0x000007feff2cf000 	C:\Windows\SYSTEM32\sechost.dll
0x000007feff070000 - 0x000007feff19d000 	C:\Windows\system32\RPCRT4.dll
0x0000000076e70000 - 0x0000000076f6a000 	C:\Windows\system32\USER32.dll
0x000007feff2d0000 - 0x000007feff337000 	C:\Windows\system32\GDI32.dll
0x000007fefe9d0000 - 0x000007fefe9de000 	C:\Windows\system32\LPK.dll
0x000007fefef20000 - 0x000007fefefe9000 	C:\Windows\system32\USP10.dll
0x000007fefc1a0000 - 0x000007fefc394000 	C:\Windows\WinSxS\amd64_microsoft.windows.common-controls_6595b64144ccf1df_6.0.7601.17514_none_fa396087175ac9ac\COMCTL32.dll
0x000007fefeac0000 - 0x000007fefeb31000 	C:\Windows\system32\SHLWAPI.dll
0x000007fefd900000 - 0x000007fefd92e000 	C:\Windows\system32\IMM32.DLL
0x000007feff1a0000 - 0x000007feff2a9000 	C:\Windows\system32\MSCTF.dll
0x0000000073ef0000 - 0x0000000073fc2000 	C:\Program Files\Java\jdk1.7.0_45\jre\bin\msvcr100.dll
0x0000000062920000 - 0x00000000630e9000 	C:\Program Files\Java\jdk1.7.0_45\jre\bin\server\jvm.dll
0x000007fef9880000 - 0x000007fef9889000 	C:\Windows\system32\WSOCK32.dll
0x000007fefe980000 - 0x000007fefe9cd000 	C:\Windows\system32\WS2_32.dll
0x000007fefe970000 - 0x000007fefe978000 	C:\Windows\system32\NSI.dll
0x000007fef9bc0000 - 0x000007fef9bfb000 	C:\Windows\system32\WINMM.dll
0x00000000772a0000 - 0x00000000772a7000 	C:\Windows\system32\PSAPI.DLL
0x0000000074630000 - 0x000000007463f000 	C:\Program Files\Java\jdk1.7.0_45\jre\bin\verify.dll
0x0000000073ac0000 - 0x0000000073ae8000 	C:\Program Files\Java\jdk1.7.0_45\jre\bin\java.dll
0x000000006ee10000 - 0x000000006ee25000 	C:\Program Files\Java\jdk1.7.0_45\jre\bin\zip.dll
0x0000000073990000 - 0x00000000739a9000 	C:\Program Files\Java\jdk1.7.0_45\jre\bin\net.dll
0x000007fefcd60000 - 0x000007fefcdb5000 	C:\Windows\system32\mswsock.dll
0x000007fefcd50000 - 0x000007fefcd57000 	C:\Windows\System32\wship6.dll
0x00000000738f0000 - 0x0000000073901000 	C:\Program Files\Java\jdk1.7.0_45\jre\bin\nio.dll
0x000007fef6ef0000 - 0x000007fef6f02000 	C:\Users\Administrator\.gradle\wrapper\dists\gradle-2.10-all\native\19\windows-amd64\native-platform.dll
0x000007fefb1a0000 - 0x000007fefb1c7000 	C:\Windows\system32\IPHLPAPI.DLL
0x000007fefb190000 - 0x000007fefb19b000 	C:\Windows\system32\WINNSI.DLL
0x000007fefb170000 - 0x000007fefb181000 	C:\Windows\system32\dhcpcsvc6.DLL
0x000007fefb150000 - 0x000007fefb168000 	C:\Windows\system32\dhcpcsvc.DLL
0x000007fefcdc0000 - 0x000007fefcdd7000 	C:\Windows\system32\CRYPTSP.dll
0x000007fefcac0000 - 0x000007fefcb07000 	C:\Windows\system32\rsaenh.dll
0x000007fefc880000 - 0x000007fefc89e000 	C:\Windows\system32\USERENV.dll
0x000007fefd530000 - 0x000007fefd53f000 	C:\Windows\system32\profapi.dll
0x000007fefd460000 - 0x000007fefd46f000 	C:\Windows\system32\CRYPTBASE.dll
0x000007fefb000000 - 0x000007fefb015000 	C:\Windows\system32\NLAapi.dll
0x000007fef6c60000 - 0x000007fef6c75000 	C:\Windows\system32\napinsp.dll
0x000007fef6c40000 - 0x000007fef6c59000 	C:\Windows\system32\pnrpnsp.dll
0x000007fefcbe0000 - 0x000007fefcc3b000 	C:\Windows\system32\DNSAPI.dll
0x000007fef6c30000 - 0x000007fef6c3b000 	C:\Windows\System32\winrnr.dll
0x0000000071340000 - 0x0000000071366000 	C:\Program Files\Bonjour\mdnsNSP.dll
0x000007fefc760000 - 0x000007fefc767000 	C:\Windows\System32\wshtcpip.dll
0x000007fef7390000 - 0x000007fef7398000 	C:\Windows\system32\rasadhlp.dll
0x000007fefab80000 - 0x000007fefabd3000 	C:\Windows\System32\fwpuclnt.dll
0x000007fefd400000 - 0x000007fefd457000 	C:\Windows\system32\apphelp.dll
0x00000000738e0000 - 0x00000000738eb000 	C:\Program Files\Java\jdk1.7.0_45\jre\bin\management.dll
0x000007fefabe0000 - 0x000007fefad05000 	C:\Windows\system32\dbghelp.dll

VM Arguments:
jvm_args: -XX:MaxPermSize=256m -XX:+HeapDumpOnOutOfMemoryError -Xmx1024m -Dfile.encoding=GBK -Duser.country=CN -Duser.language=zh -Duser.variant 
java_command: org.gradle.launcher.daemon.bootstrap.GradleDaemon 2.10
Launcher Type: SUN_STANDARD

Environment Variables:
JAVA_HOME=C:\Program Files\Java\jdk1.7.0_45
CLASSPATH= .;C:\Program Files\Java\jdk1.7.0_45\lib;C:\Program Files\Java\jdk1.7.0_45\lib\tools.jar
PATH=C:\Windows\system32;C:\Windows;C:\Windows\System32\Wbem;C:\Windows\System32\WindowsPowerShell\v1.0\;D:\Program Files\TortoiseSVN\bin;C:\Program Files\Java\jdk1.7.0_45\bin;C:\Program Files\Java\jdk1.7.0_45\jre\bin;C:\Program Files\Git\cmd
USERNAME=Administrator
OS=Windows_NT
PROCESSOR_IDENTIFIER=Intel64 Family 6 Model 60 Stepping 3, GenuineIntel



---------------  S Y S T E M  ---------------

OS: Windows 7 , 64 bit Build 7601 Service Pack 1

CPU:total 4 (2 cores per cpu, 2 threads per core) family 6 model 60 stepping 3, cmov, cx8, fxsr, mmx, sse, sse2, sse3, ssse3, sse4.1, sse4.2, popcnt, avx, avx2, aes, erms, ht, tsc, tscinvbit

Memory: 4k page, physical 8273760k(2434896k free), swap 16545664k(8640148k free)

vm_info: Java HotSpot(TM) 64-Bit Server VM (24.45-b08) for windows-amd64 JRE (1.7.0_45-b18), built on Oct  8 2013 05:47:22 by "java_re" with unknown MS VC++:1600

time: Mon Aug 29 14:11:46 2016
elapsed time: 19309 seconds

